<?xml version="1.0" encoding="UTF-8"?>
<coverage generated="1608529728893" clover="3.2.0">
  <project timestamp="1608529728893" name="All files">
    <metrics statements="9" coveredstatements="9" conditionals="2" coveredconditionals="2" methods="4" coveredmethods="4" elements="15" coveredelements="15" complexity="0" loc="9" ncloc="9" packages="1" files="2" classes="2"/>
    <file name="commonUtil.js" path="/home/windulakularatne/sysco-test-project/oms-node/src/util/commonUtil.js">
      <metrics statements="3" coveredstatements="3" conditionals="2" coveredconditionals="2" methods="1" coveredmethods="1"/>
      <line num="1" count="1" type="stmt"/>
      <line num="2" count="4" type="cond" truecount="2" falsecount="0"/>
      <line num="3" count="1" type="stmt"/>
    </file>
    <file name="dateConversion.js" path="/home/windulakularatne/sysco-test-project/oms-node/src/util/dateConversion.js">
      <metrics statements="6" coveredstatements="6" conditionals="0" coveredconditionals="0" methods="3" coveredmethods="3"/>
      <line num="4" count="1" type="stmt"/>
      <line num="5" count="2" type="stmt"/>
      <line num="8" count="1" type="stmt"/>
      <line num="9" count="2" type="stmt"/>
      <line num="12" count="1" type="stmt"/>
      <line num="13" count="1" type="stmt"/>
    </file>
  </project>
</coverage>
