{"/home/windulakularatne/sysco-test-project/oms-node/src/config/databaseConfig.js": {"path":"/home/windulakularatne/sysco-test-project/oms-node/src/config/databaseConfig.js","statementMap":{"0":{"start":{"line":3,"column":18},"end":{"line":9,"column":2}}},"fnMap":{},"branchMap":{},"s":{"0":1},"f":{},"b":{},"_coverageSchema":"1a1c01bbd47fc00a2c39e90264f33305004495a9","hash":"e30ab47959adabcc6a48345755780135115f1466"}
,"/home/windulakularatne/sysco-test-project/oms-node/src/config/logger.js": {"path":"/home/windulakularatne/sysco-test-project/oms-node/src/config/logger.js","statementMap":{"0":{"start":{"line":3,"column":46},"end":{"line":3,"column":52}},"1":{"start":{"line":5,"column":18},"end":{"line":7,"column":2}},"2":{"start":{"line":6,"column":2},"end":{"line":6,"column":56}},"3":{"start":{"line":9,"column":15},"end":{"line":26,"column":2}}},"fnMap":{"0":{"name":"(anonymous_0)","decl":{"start":{"line":5,"column":25},"end":{"line":5,"column":26}},"loc":{"start":{"line":5,"column":67},"end":{"line":7,"column":1}},"line":5}},"branchMap":{},"s":{"0":1,"1":1,"2":0,"3":1},"f":{"0":0},"b":{},"_coverageSchema":"1a1c01bbd47fc00a2c39e90264f33305004495a9","hash":"8746e06c3637587aac3a4c9cf37a6ea93517f34b"}
,"/home/windulakularatne/sysco-test-project/oms-node/src/constants/orderStatus.js": {"path":"/home/windulakularatne/sysco-test-project/oms-node/src/constants/orderStatus.js","statementMap":{"0":{"start":{"line":1,"column":32},"end":{"line":7,"column":1}},"1":{"start":{"line":9,"column":34},"end":{"line":12,"column":1}}},"fnMap":{},"branchMap":{},"s":{"0":1,"1":1},"f":{},"b":{},"_coverageSchema":"1a1c01bbd47fc00a2c39e90264f33305004495a9","hash":"6fdab9fdab1ef3c557dd357f6d62ee01151a0ea3"}
,"/home/windulakularatne/sysco-test-project/oms-node/src/dao/orderDao.js": {"path":"/home/windulakularatne/sysco-test-project/oms-node/src/dao/orderDao.js","statementMap":{"0":{"start":{"line":3,"column":25},"end":{"line":4,"column":187}},"1":{"start":{"line":6,"column":28},"end":{"line":6,"column":58}},"2":{"start":{"line":8,"column":26},"end":{"line":8,"column":74}},"3":{"start":{"line":10,"column":27},"end":{"line":10,"column":79}},"4":{"start":{"line":13,"column":25},"end":{"line":13,"column":44}},"5":{"start":{"line":15,"column":25},"end":{"line":20,"column":4}},"6":{"start":{"line":22,"column":2},"end":{"line":22,"column":14}},"7":{"start":{"line":26,"column":25},"end":{"line":26,"column":44}},"8":{"start":{"line":31,"column":6},"end":{"line":34,"column":4}},"9":{"start":{"line":36,"column":25},"end":{"line":36,"column":63}},"10":{"start":{"line":38,"column":2},"end":{"line":38,"column":26}},"11":{"start":{"line":42,"column":25},"end":{"line":42,"column":44}},"12":{"start":{"line":44,"column":25},"end":{"line":46,"column":4}},"13":{"start":{"line":48,"column":14},"end":{"line":48,"column":32}},"14":{"start":{"line":50,"column":2},"end":{"line":50,"column":15}},"15":{"start":{"line":54,"column":25},"end":{"line":54,"column":44}},"16":{"start":{"line":59,"column":6},"end":{"line":59,"column":65}},"17":{"start":{"line":61,"column":20},"end":{"line":61,"column":56}},"18":{"start":{"line":63,"column":2},"end":{"line":63,"column":21}}},"fnMap":{"0":{"name":"orderDataDao","decl":{"start":{"line":12,"column":22},"end":{"line":12,"column":34}},"loc":{"start":{"line":12,"column":68},"end":{"line":23,"column":1}},"line":12},"1":{"name":"updateOrderStatusDao","decl":{"start":{"line":25,"column":22},"end":{"line":25,"column":42}},"loc":{"start":{"line":25,"column":60},"end":{"line":39,"column":1}},"line":25},"2":{"name":"countByOrderIdDao","decl":{"start":{"line":41,"column":22},"end":{"line":41,"column":39}},"loc":{"start":{"line":41,"column":49},"end":{"line":51,"column":1}},"line":41},"3":{"name":"orderStatusByIdDao","decl":{"start":{"line":53,"column":22},"end":{"line":53,"column":40}},"loc":{"start":{"line":53,"column":50},"end":{"line":64,"column":1}},"line":53}},"branchMap":{},"s":{"0":1,"1":1,"2":1,"3":1,"4":0,"5":0,"6":0,"7":0,"8":0,"9":0,"10":0,"11":0,"12":0,"13":0,"14":0,"15":0,"16":0,"17":0,"18":0},"f":{"0":0,"1":0,"2":0,"3":0},"b":{},"_coverageSchema":"1a1c01bbd47fc00a2c39e90264f33305004495a9","hash":"0aa94e5d430ec658037914a4058234df7fa3b233"}
,"/home/windulakularatne/sysco-test-project/oms-node/src/validation/commonValidation.js": {"path":"/home/windulakularatne/sysco-test-project/oms-node/src/validation/commonValidation.js","statementMap":{"0":{"start":{"line":4,"column":21},"end":{"line":4,"column":35}},"1":{"start":{"line":5,"column":20},"end":{"line":5,"column":32}},"2":{"start":{"line":7,"column":27},"end":{"line":11,"column":1}},"3":{"start":{"line":8,"column":2},"end":{"line":10,"column":19}},"4":{"start":{"line":9,"column":4},"end":{"line":9,"column":17}},"5":{"start":{"line":10,"column":7},"end":{"line":10,"column":19}},"6":{"start":{"line":13,"column":29},"end":{"line":15,"column":1}},"7":{"start":{"line":14,"column":2},"end":{"line":14,"column":39}},"8":{"start":{"line":17,"column":33},"end":{"line":24,"column":1}},"9":{"start":{"line":18,"column":2},"end":{"line":22,"column":3}},"10":{"start":{"line":19,"column":21},"end":{"line":19,"column":39}},"11":{"start":{"line":20,"column":19},"end":{"line":20,"column":35}},"12":{"start":{"line":21,"column":4},"end":{"line":21,"column":75}},"13":{"start":{"line":23,"column":2},"end":{"line":23,"column":15}},"14":{"start":{"line":27,"column":2},"end":{"line":27,"column":39}}},"fnMap":{"0":{"name":"(anonymous_0)","decl":{"start":{"line":7,"column":27},"end":{"line":7,"column":28}},"loc":{"start":{"line":7,"column":47},"end":{"line":11,"column":1}},"line":7},"1":{"name":"(anonymous_1)","decl":{"start":{"line":13,"column":29},"end":{"line":13,"column":30}},"loc":{"start":{"line":13,"column":38},"end":{"line":15,"column":1}},"line":13},"2":{"name":"(anonymous_2)","decl":{"start":{"line":17,"column":33},"end":{"line":17,"column":34}},"loc":{"start":{"line":17,"column":55},"end":{"line":24,"column":1}},"line":17},"3":{"name":"isEmpty","decl":{"start":{"line":26,"column":16},"end":{"line":26,"column":23}},"loc":{"start":{"line":26,"column":29},"end":{"line":28,"column":1}},"line":26}},"branchMap":{"0":{"loc":{"start":{"line":8,"column":2},"end":{"line":10,"column":19}},"type":"if","locations":[{"start":{"line":8,"column":2},"end":{"line":10,"column":19}},{"start":{"line":8,"column":2},"end":{"line":10,"column":19}}],"line":8},"1":{"loc":{"start":{"line":18,"column":2},"end":{"line":22,"column":3}},"type":"if","locations":[{"start":{"line":18,"column":2},"end":{"line":22,"column":3}},{"start":{"line":18,"column":2},"end":{"line":22,"column":3}}],"line":18},"2":{"loc":{"start":{"line":18,"column":6},"end":{"line":18,"column":50}},"type":"binary-expr","locations":[{"start":{"line":18,"column":6},"end":{"line":18,"column":27}},{"start":{"line":18,"column":31},"end":{"line":18,"column":50}}],"line":18},"3":{"loc":{"start":{"line":21,"column":11},"end":{"line":21,"column":74}},"type":"binary-expr","locations":[{"start":{"line":21,"column":11},"end":{"line":21,"column":41}},{"start":{"line":21,"column":45},"end":{"line":21,"column":74}}],"line":21}},"s":{"0":1,"1":1,"2":1,"3":0,"4":0,"5":0,"6":1,"7":0,"8":1,"9":0,"10":0,"11":0,"12":0,"13":0,"14":6},"f":{"0":0,"1":0,"2":0,"3":6},"b":{"0":[0,0],"1":[0,0],"2":[0,0],"3":[0,0]},"_coverageSchema":"1a1c01bbd47fc00a2c39e90264f33305004495a9","hash":"09788dfe3b3a87222b45c63c8421d4d1b143f9e6"}
,"/home/windulakularatne/sysco-test-project/oms-node/src/validation/orderValidation.js": {"path":"/home/windulakularatne/sysco-test-project/oms-node/src/validation/orderValidation.js","statementMap":{"0":{"start":{"line":7,"column":2},"end":{"line":13,"column":3}},"1":{"start":{"line":8,"column":16},"end":{"line":8,"column":48}},"2":{"start":{"line":9,"column":4},"end":{"line":9,"column":21}},"3":{"start":{"line":11,"column":4},"end":{"line":11,"column":45}},"4":{"start":{"line":12,"column":4},"end":{"line":12,"column":17}},"5":{"start":{"line":17,"column":2},"end":{"line":26,"column":3}},"6":{"start":{"line":18,"column":4},"end":{"line":22,"column":5}},"7":{"start":{"line":19,"column":6},"end":{"line":21,"column":7}},"8":{"start":{"line":20,"column":8},"end":{"line":20,"column":20}},"9":{"start":{"line":23,"column":4},"end":{"line":23,"column":17}},"10":{"start":{"line":25,"column":4},"end":{"line":25,"column":17}}},"fnMap":{"0":{"name":"isValidOrderId","decl":{"start":{"line":6,"column":22},"end":{"line":6,"column":36}},"loc":{"start":{"line":6,"column":46},"end":{"line":14,"column":1}},"line":6},"1":{"name":"isValidOrderRequest","decl":{"start":{"line":16,"column":16},"end":{"line":16,"column":35}},"loc":{"start":{"line":16,"column":50},"end":{"line":27,"column":1}},"line":16}},"branchMap":{"0":{"loc":{"start":{"line":17,"column":2},"end":{"line":26,"column":3}},"type":"if","locations":[{"start":{"line":17,"column":2},"end":{"line":26,"column":3}},{"start":{"line":17,"column":2},"end":{"line":26,"column":3}}],"line":17},"1":{"loc":{"start":{"line":19,"column":6},"end":{"line":21,"column":7}},"type":"if","locations":[{"start":{"line":19,"column":6},"end":{"line":21,"column":7}},{"start":{"line":19,"column":6},"end":{"line":21,"column":7}}],"line":19}},"s":{"0":1,"1":1,"2":1,"3":0,"4":0,"5":6,"6":5,"7":9,"8":2,"9":3,"10":1},"f":{"0":1,"1":6},"b":{"0":[5,1],"1":[2,7]},"_coverageSchema":"1a1c01bbd47fc00a2c39e90264f33305004495a9","hash":"5eaa91daf4aa3173afac67aee279e8363da4c056"}
}
