TN:
SF:src/dto/getOrderRequest.js
FN:11,(anonymous_0)
FN:19,(anonymous_1)
FN:27,(anonymous_2)
FNF:3
FNH:2
FNDA:7,(anonymous_0)
FNDA:0,(anonymous_1)
FNDA:5,(anonymous_2)
DA:4,2
DA:6,2
DA:7,2
DA:9,2
DA:12,7
DA:17,2
DA:20,0
DA:25,2
DA:28,5
DA:33,2
DA:63,2
LF:11
LH:10
BRDA:12,0,0,7
BRDA:12,0,1,7
BRF:2
BRH:2
end_of_record
TN:
SF:src/routes/orderRoutes.js
FN:17,(anonymous_0)
FN:40,(anonymous_1)
FN:66,(anonymous_2)
FNF:3
FNH:3
FNDA:3,(anonymous_0)
FNDA:3,(anonymous_1)
FNDA:3,(anonymous_2)
DA:18,3
DA:19,3
DA:20,2
DA:21,1
DA:23,1
DA:28,1
DA:31,1
DA:36,1
DA:41,3
DA:42,3
DA:44,3
DA:45,2
DA:46,1
DA:48,1
DA:54,1
DA:57,1
DA:62,1
DA:67,3
DA:68,3
DA:73,3
DA:74,2
DA:75,1
DA:81,1
DA:87,1
DA:92,1
DA:97,1
DA:99,1
DA:101,1
DA:103,1
DA:104,1
DA:105,1
LF:31
LH:31
BRDA:19,0,0,2
BRDA:19,0,1,1
BRDA:44,1,0,2
BRDA:44,1,1,1
BRDA:73,2,0,2
BRDA:73,2,1,1
BRF:6
BRH:6
end_of_record
TN:
SF:src/service/orderService.js
FN:31,(anonymous_0)
FN:46,(anonymous_1)
FN:68,(anonymous_2)
FN:95,(anonymous_3)
FNF:4
FNH:3
FNDA:1,(anonymous_0)
FNDA:0,(anonymous_1)
FNDA:4,(anonymous_2)
FNDA:2,(anonymous_3)
DA:32,1
DA:33,1
DA:34,1
DA:35,1
DA:37,1
DA:44,1
DA:46,1
DA:47,0
DA:65,1
DA:69,4
DA:70,4
DA:71,3
DA:77,1
DA:81,1
DA:85,1
DA:87,2
DA:90,1
DA:91,1
DA:96,2
DA:97,2
DA:98,2
DA:100,2
DA:104,2
DA:110,2
DA:112,4
DA:114,4
DA:115,4
DA:124,2
DA:125,4
DA:132,2
DA:139,1
DA:149,1
DA:150,2
DA:153,1
DA:155,1
DA:157,1
DA:159,1
DA:160,0
LF:38
LH:36
BRDA:71,0,0,1
BRDA:71,0,1,2
BRDA:72,1,0,3
BRDA:72,1,1,2
BRDA:72,1,2,2
BRDA:72,1,3,2
BRF:6
BRH:6
end_of_record
TN:
SF:src/util/commonUtil.js
FN:1,(anonymous_0)
FNF:1
FNH:1
FNDA:5,(anonymous_0)
DA:1,2
DA:2,5
DA:3,1
LF:3
LH:3
BRDA:2,0,0,4
BRDA:2,0,1,1
BRF:2
BRH:2
end_of_record
TN:
SF:src/util/dateConversion.js
FN:4,(anonymous_0)
FN:8,(anonymous_1)
FN:12,(anonymous_2)
FNF:3
FNH:3
FNDA:3,(anonymous_0)
FNDA:3,(anonymous_1)
FNDA:2,(anonymous_2)
DA:4,2
DA:5,3
DA:8,2
DA:9,3
DA:12,2
DA:13,2
LF:6
LH:6
BRF:0
BRH:0
end_of_record
TN:
SF:src/util/orderUtil.js
FN:5,(anonymous_0)
FN:9,(anonymous_1)
FN:13,(anonymous_2)
FN:17,(anonymous_3)
FNF:4
FNH:4
FNDA:3,(anonymous_0)
FNDA:2,(anonymous_1)
FNDA:2,(anonymous_2)
FNDA:2,(anonymous_3)
DA:3,2
DA:5,2
DA:6,3
DA:9,2
DA:10,2
DA:13,2
DA:14,2
DA:17,2
DA:24,2
DA:25,2
DA:26,2
DA:27,2
DA:28,2
DA:29,2
DA:31,2
LF:15
LH:15
BRDA:25,0,0,1
BRDA:25,0,1,1
BRDA:26,1,0,1
BRDA:26,1,1,1
BRDA:27,2,0,1
BRDA:27,2,1,1
BRDA:28,3,0,1
BRDA:28,3,1,1
BRDA:29,4,0,1
BRDA:29,4,1,1
BRF:10
BRH:10
end_of_record
TN:
SF:src/validation/commonValidation.js
FN:8,(anonymous_0)
FN:12,(anonymous_1)
FN:16,(anonymous_2)
FN:25,isEmpty
FN:29,isValidGetOrderRequest
FNF:5
FNH:4
FNDA:10,(anonymous_0)
FNDA:4,(anonymous_1)
FNDA:4,(anonymous_2)
FNDA:18,isEmpty
FNDA:0,isValidGetOrderRequest
DA:5,2
DA:6,2
DA:8,2
DA:9,10
DA:12,2
DA:13,4
DA:16,2
DA:17,4
DA:18,2
DA:19,2
DA:20,2
DA:22,2
DA:26,18
DA:30,0
LF:14
LH:13
BRDA:17,0,0,2
BRDA:17,0,1,2
BRDA:17,1,0,4
BRDA:17,1,1,3
BRDA:20,2,0,2
BRDA:20,2,1,1
BRDA:31,3,0,0
BRDA:31,3,1,0
BRF:8
BRH:6
end_of_record
TN:
SF:src/validation/orderValidation.js
FN:7,isValidOrderId
FN:12,isValidOrderRequest
FN:25,isValidNewOrderStatus
FN:34,getValidOrderItemList
FN:50,isValidUserAddress
FN:55,isValidPostOrderRequest
FN:72,isValidOrderUpdateRequest
FNF:7
FNH:6
FNDA:2,isValidOrderId
FNDA:6,isValidOrderRequest
FNDA:6,isValidNewOrderStatus
FNDA:8,getValidOrderItemList
FNDA:6,isValidUserAddress
FNDA:3,isValidPostOrderRequest
FNDA:0,isValidOrderUpdateRequest
DA:8,2
DA:9,2
DA:13,6
DA:14,5
DA:15,9
DA:16,2
DA:19,3
DA:21,1
DA:26,6
DA:27,14
DA:28,5
DA:31,1
DA:35,8
DA:37,8
DA:38,13
DA:39,13
DA:40,3
DA:42,10
DA:43,8
DA:47,8
DA:51,6
DA:52,6
DA:56,3
DA:61,3
DA:65,3
DA:69,3
DA:73,0
LF:27
LH:26
BRDA:13,0,0,5
BRDA:13,0,1,1
BRDA:15,1,0,2
BRDA:15,1,1,7
BRDA:27,2,0,5
BRDA:27,2,1,9
BRDA:39,3,0,3
BRDA:39,3,1,10
BRDA:39,4,0,13
BRDA:39,4,1,10
BRDA:42,5,0,8
BRDA:42,5,1,2
BRDA:69,6,0,3
BRDA:69,6,1,2
BRDA:69,6,2,1
BRDA:73,7,0,0
BRDA:73,7,1,0
BRDA:73,7,2,0
BRF:18
BRH:15
end_of_record
