TN:
SF:src/config/databaseConfig.js
FNF:0
FNH:0
DA:3,1
LF:1
LH:1
BRF:0
BRH:0
end_of_record
TN:
SF:src/config/logger.js
FN:5,(anonymous_0)
FNF:1
FNH:0
FNDA:0,(anonymous_0)
DA:3,1
DA:5,1
DA:6,0
DA:9,1
LF:4
LH:3
BRF:0
BRH:0
end_of_record
TN:
SF:src/constants/orderStatus.js
FNF:0
FNH:0
DA:1,1
DA:9,1
LF:2
LH:2
BRF:0
BRH:0
end_of_record
TN:
SF:src/dao/orderDao.js
FN:12,orderDataDao
FN:25,updateOrderStatusDao
FN:41,countByOrderIdDao
FN:53,orderStatusByIdDao
FNF:4
FNH:0
FNDA:0,orderDataDao
FNDA:0,updateOrderStatusDao
FNDA:0,countByOrderIdDao
FNDA:0,orderStatusByIdDao
DA:3,1
DA:6,1
DA:8,1
DA:10,1
DA:13,0
DA:15,0
DA:22,0
DA:26,0
DA:31,0
DA:36,0
DA:38,0
DA:42,0
DA:44,0
DA:48,0
DA:50,0
DA:54,0
DA:59,0
DA:61,0
DA:63,0
LF:19
LH:4
BRF:0
BRH:0
end_of_record
TN:
SF:src/validation/commonValidation.js
FN:7,(anonymous_0)
FN:13,(anonymous_1)
FN:17,(anonymous_2)
FN:26,isEmpty
FNF:4
FNH:1
FNDA:0,(anonymous_0)
FNDA:0,(anonymous_1)
FNDA:0,(anonymous_2)
FNDA:6,isEmpty
DA:4,1
DA:5,1
DA:7,1
DA:8,0
DA:9,0
DA:10,0
DA:13,1
DA:14,0
DA:17,1
DA:18,0
DA:19,0
DA:20,0
DA:21,0
DA:23,0
DA:27,6
LF:15
LH:6
BRDA:8,0,0,0
BRDA:8,0,1,0
BRDA:18,1,0,0
BRDA:18,1,1,0
BRDA:18,2,0,0
BRDA:18,2,1,0
BRDA:21,3,0,0
BRDA:21,3,1,0
BRF:8
BRH:0
end_of_record
TN:
SF:src/validation/orderValidation.js
FN:6,isValidOrderId
FN:16,isValidOrderRequest
FNF:2
FNH:2
FNDA:1,isValidOrderId
FNDA:6,isValidOrderRequest
DA:7,1
DA:8,1
DA:9,1
DA:11,0
DA:12,0
DA:17,6
DA:18,5
DA:19,9
DA:20,2
DA:23,3
DA:25,1
LF:11
LH:9
BRDA:17,0,0,5
BRDA:17,0,1,1
BRDA:19,1,0,2
BRDA:19,1,1,7
BRF:4
BRH:4
end_of_record
